[31-Dec-2025 09:17:57 UTC] PHP Parse error:  syntax error, unexpected token "function" in C:\xampp\htdocs\fluent-task\wp-content\plugins\fluent-captcha-addon\fluent-captcha-addon.php on line 39
[31-Dec-2025 09:19:10 UTC] PHP Fatal error:  Uncaught TypeError: call_user_func_array(): Argument #1 ($callback) must be a valid callback, function "sc_captcha_settings_html" not found or invalid function name in C:\xampp\htdocs\fluent-task\wp-includes\class-wp-hook.php:341
Stack trace:
#0 C:\xampp\htdocs\fluent-task\wp-includes\class-wp-hook.php(365): WP_Hook->apply_filters('', Array)
#1 C:\xampp\htdocs\fluent-task\wp-includes\plugin.php(522): WP_Hook->do_action(Array)
#2 C:\xampp\htdocs\fluent-task\wp-admin\admin.php(264): do_action('toplevel_page_f...')
#3 {main}
  thrown in C:\xampp\htdocs\fluent-task\wp-includes\class-wp-hook.php on line 341
[31-Dec-2025 15:00:03 UTC] PHP Parse error:  Unmatched '}' in C:\xampp\htdocs\fluent-task\wp-content\plugins\fluent-captcha-addon\fluent-captcha-addon.php on line 204
[31-Dec-2025 15:22:24 UTC] PHP Parse error:  Unmatched '}' in C:\xampp\htdocs\fluent-task\wp-content\plugins\fluent-captcha-addon\fluent-captcha-addon.php on line 246
[31-Dec-2025 15:34:53 UTC] WordPress database error Unknown column 'status' in 'field list' for query INSERT INTO `wp_a123_fcc_logs` (`time`, `ip_address`, `score`, `status`) VALUES ('2025-12-31 15:34:53', '::1', '0', 'Blocked') made by do_action('wp_ajax_fluent_cart_place_order'), WP_Hook->do_action, WP_Hook->apply_filters, FluentCart\App\Hooks\Cart\WebCheckoutHandler->handlePlaceOrderAjax, FluentCart\Api\Checkout\CheckoutApi::placeOrder, FluentCart\Api\Checkout\CheckoutApi::finalizeOrder, FluentCart\App\Events\EventDispatcher->dispatch, do_action('fluent_cart/order_created'), WP_Hook->do_action, WP_Hook->apply_filters, sc_verify_and_log_attempt
[31-Dec-2025 15:36:27 UTC] WordPress database error Unknown column 'status' in 'field list' for query INSERT INTO `wp_a123_fcc_logs` (`time`, `ip_address`, `score`, `status`) VALUES ('2025-12-31 15:36:27', '::1', '0', 'Blocked') made by do_action('wp_ajax_fluent_cart_place_order'), WP_Hook->do_action, WP_Hook->apply_filters, FluentCart\App\Hooks\Cart\WebCheckoutHandler->handlePlaceOrderAjax, FluentCart\Api\Checkout\CheckoutApi::placeOrder, FluentCart\Api\Checkout\CheckoutApi::finalizeOrder, FluentCart\App\Events\EventDispatcher->dispatch, do_action('fluent_cart/order_created'), WP_Hook->do_action, WP_Hook->apply_filters, sc_verify_and_log
[31-Dec-2025 15:37:05 UTC] WordPress database error Unknown column 'status' in 'field list' for query INSERT INTO `wp_a123_fcc_logs` (`time`, `ip_address`, `score`, `status`) VALUES ('2025-12-31 15:37:05', '::1', '0.9', 'Allowed') made by do_action('wp_ajax_fluent_cart_place_order'), WP_Hook->do_action, WP_Hook->apply_filters, FluentCart\App\Hooks\Cart\WebCheckoutHandler->handlePlaceOrderAjax, FluentCart\Api\Checkout\CheckoutApi::placeOrder, FluentCart\Api\Checkout\CheckoutApi::finalizeOrder, FluentCart\App\Events\EventDispatcher->dispatch, do_action('fluent_cart/order_created'), WP_Hook->do_action, WP_Hook->apply_filters, sc_verify_and_log_attempt
[01-Jan-2026 19:28:06 UTC] PHP Fatal error:  Cannot redeclare sc_captcha_logs_html() (previously declared in C:\xampp\htdocs\fluent-task\wp-content\plugins\fluent-captcha-addon\fluent-captcha-addon.php:34) in C:\xampp\htdocs\fluent-task\wp-content\plugins\fluent-captcha-addon\fluent-captcha-addon.php on line 311
[01-Jan-2026 20:41:01 UTC] PHP Warning:  Cannot modify header information - headers already sent by (output started at C:\xampp\htdocs\fluent-task\wp-includes\fonts\class-wp-font-face.php:121) in C:\xampp\htdocs\fluent-task\wp-content\plugins\fluent-captcha-addon\fluent-captcha-addon.php on line 54
[01-Jan-2026 20:41:01 UTC] PHP Warning:  Cannot modify header information - headers already sent by (output started at C:\xampp\htdocs\fluent-task\wp-includes\fonts\class-wp-font-face.php:121) in C:\xampp\htdocs\fluent-task\wp-content\plugins\fluent-captcha-addon\fluent-captcha-addon.php on line 55
[01-Jan-2026 20:47:01 UTC] PHP Parse error:  syntax error, unexpected token "<", expecting end of file in C:\xampp\htdocs\fluent-task\wp-content\plugins\fluent-captcha-addon\fluent-captcha-addon.php on line 51
[02-Jan-2026 08:10:11 UTC] WordPress database error Table 'fluent_task.wp_a123_fcc_blacklist' doesn't exist for query SELECT ip_address FROM wp_a123_fcc_blacklist made by do_action('fc-captcha_page_fc-captcha-logs'), WP_Hook->do_action, WP_Hook->apply_filters, sc_captcha_logs_html
[02-Jan-2026 08:10:21 UTC] WordPress database error Table 'fluent_task.wp_a123_fcc_blacklist' doesn't exist for query SHOW FULL COLUMNS FROM `wp_a123_fcc_blacklist` made by do_action('fc-captcha_page_fc-captcha-logs'), WP_Hook->do_action, WP_Hook->apply_filters, sc_captcha_logs_html
[02-Jan-2026 08:10:21 UTC] WordPress database error Table 'fluent_task.wp_a123_fcc_blacklist' doesn't exist for query SELECT ip_address FROM wp_a123_fcc_blacklist made by do_action('fc-captcha_page_fc-captcha-logs'), WP_Hook->do_action, WP_Hook->apply_filters, sc_captcha_logs_html
[02-Jan-2026 08:10:30 UTC] WordPress database error Table 'fluent_task.wp_a123_fcc_blacklist' doesn't exist for query SHOW FULL COLUMNS FROM `wp_a123_fcc_blacklist` made by do_action('fc-captcha_page_fc-captcha-logs'), WP_Hook->do_action, WP_Hook->apply_filters, sc_captcha_logs_html
[02-Jan-2026 08:10:30 UTC] WordPress database error Table 'fluent_task.wp_a123_fcc_blacklist' doesn't exist for query SELECT ip_address FROM wp_a123_fcc_blacklist made by do_action('fc-captcha_page_fc-captcha-logs'), WP_Hook->do_action, WP_Hook->apply_filters, sc_captcha_logs_html
[02-Jan-2026 08:17:02 UTC] PHP Warning:  Cannot modify header information - headers already sent by (output started at C:\xampp\htdocs\fluent-task\wp-includes\fonts\class-wp-font-face.php:121) in C:\xampp\htdocs\fluent-task\wp-includes\pluggable.php on line 1531
[02-Jan-2026 08:17:02 UTC] PHP Warning:  Cannot modify header information - headers already sent by (output started at C:\xampp\htdocs\fluent-task\wp-includes\fonts\class-wp-font-face.php:121) in C:\xampp\htdocs\fluent-task\wp-includes\pluggable.php on line 1534
[02-Jan-2026 14:46:45 UTC] PHP Fatal error:  Uncaught TypeError: call_user_func_array(): Argument #1 ($callback) must be a valid callback, function "sc_captcha_logs_html" not found or invalid function name in C:\xampp\htdocs\fluent-task\wp-includes\class-wp-hook.php:341
Stack trace:
#0 C:\xampp\htdocs\fluent-task\wp-includes\class-wp-hook.php(365): WP_Hook->apply_filters('', Array)
#1 C:\xampp\htdocs\fluent-task\wp-includes\plugin.php(522): WP_Hook->do_action(Array)
#2 C:\xampp\htdocs\fluent-task\wp-admin\admin.php(264): do_action('fc-captcha_page...')
#3 {main}
  thrown in C:\xampp\htdocs\fluent-task\wp-includes\class-wp-hook.php on line 341
[02-Jan-2026 15:12:39 UTC] PHP Parse error:  Unclosed '{' on line 308 in C:\xampp\htdocs\fluent-task\wp-content\plugins\fluent-captcha-addon\fluent-captcha-addon.php on line 375
[03-Jan-2026 08:09:44 UTC] PHP Parse error:  Unclosed '{' on line 401 does not match ')' in C:\xampp\htdocs\fluent-task\wp-content\plugins\fluent-captcha-addon\fluent-captcha-addon.php on line 422
